build/app/outputs/mapping/release/seeds.txt
com.tlt.manager.MainActivity
com.tlt.manager.MainActivity: MainActivity()
...
io.flutter.embedding.android.FlutterActivityAndFragmentDelegate$Host: java.lang.String getAppBundlePath()
com.google.firebase.analytics.connector.internal.zzc: com.google.firebase.analytics.connector.AnalyticsConnector$ConditionalUserProperty zzh(android.os.Bundle)
androidx.fragment.app.Fragment: android.view.View requireView()
org.threeten.bp.MonthDay
io.flutter.view.AccessibilityBridge: int accessibilityFeatureFlags
com.dexterous.flutterlocalnotifications.FlutterLocalNotificationsPlugin: androidx.core.app.Person buildPerson(android.content.Context,com.dexterous.flutterlocalnotifications.models.PersonDetails)
io.flutter.embedding.engine.renderer.FlutterRenderer: void access$400(io.flutter.embedding.engine.renderer.FlutterRenderer,long)
com.google.firebase.messaging.CommonNotificationBuilder: android.app.PendingIntent wrapContentIntent(android.content.Context,com.google.firebase.messaging.NotificationParams,android.app.PendingIntent)
com.google.firebase.iid.FirebaseInstanceId: com.google.firebase.installations.FirebaseInstallationsApi firebaseInstallations
io.flutter.embedding.android.FlutterImageView: void onSizeChanged(int,int,int,int)
com.google.firebase.components.LazySet
com.dexterous.flutterlocalnotifications.models.NotificationDetails: java.lang.String shortcutId
com.dexterous.flutterlocalnotifications.models.NotificationDetails: java.lang.String INDETERMINATE
io.flutter.plugins.firebase.core.R$id: int accessibility_custom_action_22
io.flutter.plugins.urllauncher.R$styleable: int FontFamily_fontProviderAuthority
io.flutter.plugins.firebase.messaging.FlutterFirebaseMessagingInitProvider
com.google.firebase.analytics.connector.internal.AnalyticsConnectorRegistrar: AnalyticsConnectorRegistrar()
androidx.media.AudioAttributesCompat
io.flutter.view.AccessibilityBridge$SemanticsNode: boolean access$5900(io.flutter.view.AccessibilityBridge$SemanticsNode,io.flutter.view.AccessibilityBridge$Flag)
org.threeten.bp.YearMonth: java.lang.Object writeReplace()
com.google.firebase.installations.AutoValue_InstallationTokenResult: long getTokenExpirationTimestamp()
com.google.firebase.installations.interop.R$id: int notification_background
com.google.firebase.encoders.json.JsonValueObjectEncoderContext: com.google.firebase.encoders.json.JsonValueObjectEncoderContext childContext
io.flutter.embedding.android.AndroidTouchProcessor$PointerChange: int HOVER
androidx.fragment.app.Fragment: int getNextTransition()
com.google.android.gms.measurement.AppMeasurement: void beginAdUnitExposure(java.lang.String)
io.flutter.embedding.android.FlutterActivityAndFragmentDelegate: void detachFromFlutterEngine()
io.flutter.view.AccessibilityBridge: boolean performAction(int,int,android.os.Bundle)
com.google.android.gms.internal.measurement.zzhs: int zzd
io.flutter.plugins.firebase.core.R$styleable: int FontFamilyFont_android_fontVariationSettings
com.google.firebase.components.AbstractComponentContainer: java.util.Set setOf(java.lang.Class)
io.flutter.plugins.sharedpreferences.R$dimen: int compat_notification_large_icon_max_height
com.google.firebase.datatransport.R$dimen: int compat_button_padding_vertical_material
io.flutter.embedding.android.FlutterSplashView$2: void onFlutterUiNoLongerDisplayed()
io.flutter.plugins.firebase.messaging.R$dimen: int notification_media_narrow_margin
io.flutter.plugins.firebase.messaging.R$drawable: int common_google_signin_btn_text_dark_focused
io.flutter.plugins.firebase.core.FlutterFirebaseCorePlugin: void onAttachedToEngine(io.flutter.embedding.engine.plugins.FlutterPlugin$FlutterPluginBinding)
com.google.firebase.components.Component$Builder
io.flutter.plugins.sharedpreferences.R$id: int line3
com.google.firebase.installations.interop.R$id: int action_divider
io.flutter.plugins.connectivity.R$dimen: int notification_right_icon_size
io.flutter.plugins.firebase.messaging.R$string: int status_bar_notification_info_overflow