build/app/outputs/mapping/release/mapping.txt
# compiler: R8
# compiler_version: 2.1.86
# min_api: 21
# pg_map_id: 488d197
# common_typos_disable
...
androidx.core.os.UserManagerCompat -> b.d.g.a:
    boolean isUserUnlocked(android.content.Context) -> a
androidx.core.text.BidiFormatter -> b.d.h.a:
    java.lang.String RLM_STRING -> f
    androidx.core.text.BidiFormatter DEFAULT_LTR_INSTANCE -> g
    androidx.core.text.TextDirectionHeuristicCompat DEFAULT_TEXT_DIRECTION_HEURISTIC -> d
    androidx.core.text.TextDirectionHeuristicCompat mDefaultTextDirectionHeuristicCompat -> c
    boolean mIsRtlContext -> a
    int mFlags -> b
    androidx.core.text.BidiFormatter DEFAULT_RTL_INSTANCE -> h
    java.lang.String LRM_STRING -> e
    int getEntryDir(java.lang.CharSequence) -> a
    int getExitDir(java.lang.CharSequence) -> b
    androidx.core.text.BidiFormatter getInstance() -> c
    boolean getStereoReset() -> d
    boolean isRtlLocale(java.util.Locale) -> e
    java.lang.String markAfter(java.lang.CharSequence,androidx.core.text.TextDirectionHeuristicCompat) -> f
    java.lang.String markBefore(java.lang.CharSequence,androidx.core.text.TextDirectionHeuristicCompat) -> g
    java.lang.CharSequence unicodeWrap(java.lang.CharSequence) -> h
    java.lang.CharSequence unicodeWrap(java.lang.CharSequence,androidx.core.text.TextDirectionHeuristicCompat,boolean) -> i
androidx.core.text.BidiFormatter$Builder -> b.d.h.a$a:
    androidx.core.text.TextDirectionHeuristicCompat mTextDirectionHeuristicCompat -> c
    boolean mIsRtlContext -> a
    int mFlags -> b
    androidx.core.text.BidiFormatter build() -> a
    androidx.core.text.BidiFormatter getDefaultInstanceFromContext(boolean) -> b
    void initialize(boolean) -> c
androidx.core.text.BidiFormatter$DirectionalityEstimator -> b.d.h.a$b:
    java.lang.CharSequence text -> a
    int charIndex -> d
    boolean isHtml -> b
    int length -> c
    byte[] DIR_TYPE_CACHE -> f
    char lastChar -> e
    byte dirTypeBackward() -> a
    byte dirTypeForward() -> b
    byte getCachedDirectionality(char) -> c
    int getEntryDir() -> d
    int getExitDir() -> e
    byte skipEntityBackward() -> f
    byte skipEntityForward() -> g
    byte skipTagBackward() -> h
    byte skipTagForward() -> i
androidx.core.text.ICUCompat -> b.d.h.b:
    java.lang.reflect.Method sGetScriptMethod -> a
    java.lang.reflect.Method sAddLikelySubtagsMethod -> b
    java.lang.String addLikelySubtags(java.util.Locale) -> a
    java.lang.String getScript(java.lang.String) -> b
    java.lang.String maximizeAndGetScript(java.util.Locale) -> c
androidx.core.text.TextDirectionHeuristicCompat -> b.d.h.c:
    boolean isRtl(java.lang.CharSequence,int,int) -> a
androidx.core.text.TextDirectionHeuristicsCompat -> b.d.h.d:
    androidx.core.text.TextDirectionHeuristicCompat LTR -> a
    androidx.core.text.TextDirectionHeuristicCompat FIRSTSTRONG_LTR -> c
    androidx.core.text.TextDirectionHeuristicCompat RTL -> b
    int isRtlText(int) -> a
    int isRtlTextOrFormat(int) -> b
androidx.core.text.TextDirectionHeuristicsCompat$AnyStrong -> b.d.h.d$a:
    boolean mLookForRtl -> a
    androidx.core.text.TextDirectionHeuristicsCompat$AnyStrong INSTANCE_RTL -> b
    int checkRtl(java.lang.CharSequence,int,int) -> a
androidx.core.text.TextDirectionHeuristicsCompat$FirstStrong -> b.d.h.d$b:
    androidx.core.text.TextDirectionHeuristicsCompat$FirstStrong INSTANCE -> a
    int checkRtl(java.lang.CharSequence,int,int) -> a
androidx.core.text.TextDirectionHeuristicsCompat$TextDirectionAlgorithm -> b.d.h.d$c:
    int checkRtl(java.lang.CharSequence,int,int) -> a
androidx.core.text.TextDirectionHeuristicsCompat$TextDirectionHeuristicImpl -> b.d.h.d$d:
    androidx.core.text.TextDirectionHeuristicsCompat$TextDirectionAlgorithm mAlgorithm -> a
    boolean isRtl(java.lang.CharSequence,int,int) -> a
    boolean defaultIsRtl() -> b
    boolean doCheck(java.lang.CharSequence,int,int) -> c
androidx.core.text.TextDirectionHeuristicsCompat$TextDirectionHeuristicInternal -> b.d.h.d$e:
    boolean mDefaultIsRtl -> b
    boolean defaultIsRtl() -> b