build/app/outputs/mapping/release/usage.txt
com.tlt.manager.R$mipmap
com.tlt.manager.R$color
com.tlt.manager.R$dimen
com.tlt.manager.R$style
com.tlt.manager.R$integer
com.tlt.manager.R$xml
com.tlt.manager.R$drawable
com.tlt.manager.R
com.tlt.manager.R$styleable
com.tlt.manager.R$attr
com.tlt.manager.BuildConfig
com.tlt.manager.R$layout
com.tlt.manager.R$string
com.tlt.manager.R$id
...
org.intellij.lang.annotations.MagicConstant
androidx.core.app.Person:
    public static androidx.core.app.Person fromBundle(android.os.Bundle)
    public static androidx.core.app.Person fromPersistableBundle(android.os.PersistableBundle)
    public static androidx.core.app.Person fromAndroidPerson(android.app.Person)
    public android.os.PersistableBundle toPersistableBundle()
    public androidx.core.app.Person$Builder toBuilder()
    private static final java.lang.String NAME_KEY
    private static final java.lang.String ICON_KEY
    private static final java.lang.String URI_KEY
    private static final java.lang.String KEY_KEY
    private static final java.lang.String IS_BOT_KEY
    private static final java.lang.String IS_IMPORTANT_KEY
com.google.android.datatransport.Transport:
    public abstract void schedule(com.google.android.datatransport.Event,com.google.android.datatransport.TransportScheduleCallback)
kotlin.coroutines.experimental.migration.ContinuationInterceptorMigration
com.google.common.collect.ForwardingNavigableMap$StandardDescendingMap$1
kotlin.internal.PlatformImplementationsKt
com.google.common.util.concurrent.TrustedListenableFutureTask$TrustedFutureInterruptibleTask
com.google.common.cache.CacheLoader
androidx.annotation.StyleRes
com.google.common.eventbus.Dispatcher$PerThreadQueuedDispatcher$2
com.google.common.util.concurrent.CycleDetectingLockFactory$Policies
androidx.core.app.NotificationCompat$NotificationVisibility
com.google.android.gms.tasks.zzo:
    public final void cancel()
com.google.android.gms.common.api.internal.IStatusCallback$Stub$zaa
kotlin.coroutines.experimental.migration.ContextMigration
kotlin.sequences.SequencesKt___SequencesKt$zipWithNext$2
kotlin.math.UMathKt
com.google.common.base.CharMatcher$Or
com.google.common.util.concurrent.Striped$1
com.google.common.collect.Maps$FilteredEntrySortedMap$SortedKeySet
androidx.core.view.accessibility.AccessibilityManagerCompat$AccessibilityStateChangeListenerCompat
com.google.common.collect.Maps$TransformedEntriesNavigableMap
kotlin.collections.unsigned.UArraysKt
javax.annotation.concurrent.NotThreadSafe
com.google.android.gms.common.api.BooleanResult
androidx.core.os.UserHandleCompat$Api24Impl
kotlin.collections.IndexedValue
com.google.common.util.concurrent.ExecutionList$RunnableExecutorPair
kotlin.UShortArray
com.google.android.gms.common.api.ApiException:
    public com.google.android.gms.common.api.Status getStatus()
    public int getStatusCode()
    public java.lang.String getStatusMessage()
com.google.android.datatransport.runtime.dagger.internal.MemoizedSentinel:
    public void <init>()
com.google.common.base.Functions$ToStringFunction
com.google.common.graph.Traverser$TreeTraverser$DepthFirstPostOrderIterator$NodeAndChildren
kotlin.text.CharCategory
com.google.common.util.concurrent.RateLimiter
com.google.common.base.CharMatcher$Digit
kotlin.text.RegexKt
com.google.common.math.PairedStatsAccumulator
com.google.common.collect.RegularContiguousSet$2
kotlin.jvm.functions.Function19
com.dexterous.flutterlocalnotifications.R$id
com.google.common.io.LineReader
com.google.common.reflect.Types
com.google.common.graph.ImmutableGraph$Builder
com.google.common.base.Suppliers$MemoizingSupplier
com.google.common.collect.StandardTable$ColumnMap
com.google.common.primitives.UnsignedBytes
com.google.common.reflect.Types$JavaVersion$1
com.google.android.gms.common.api.internal.zabh
com.google.common.cache.LocalCache$ValueReference
androidx.viewpager.widget.ViewPager$3
com.google.common.base.CharMatcher$IsEither
org.threeten.bp.temporal.IsoFields:
    private void <init>()
com.google.common.collect.ForwardingNavigableSet
kotlin.coroutines.experimental.SequenceBuilderKt__SequenceBuilderKt
com.google.android.gms.common.util.Hex:
    public void <init>()
    public static java.lang.String bytesToStringUppercase(byte[])
    public static byte[] stringToBytes(java.lang.String)
com.google.android.gms.common.api.internal.zaav